<?xml version="1.0" encoding="UTF-8"?>
<testsuite name="com.agilab.file_loading.FileLoadingApplicationTests" tests="1" skipped="0" failures="0" errors="0" timestamp="2025-10-21T07:16:13.075Z" hostname="runnervmwhb2z" time="0.886">
  <properties/>
  <testcase name="contextLoads()" classname="com.agilab.file_loading.FileLoadingApplicationTests" time="0.886"/>
  <system-out><![CDATA[07:16:10.450 [Test worker] INFO org.springframework.test.context.support.AnnotationConfigContextLoaderUtils -- Could not detect default configuration classes for test class [com.agilab.file_loading.FileLoadingApplicationTests]: FileLoadingApplicationTests does not declare any static, non-private, non-final, nested classes annotated with @Configuration.
07:16:10.591 [Test worker] INFO org.springframework.boot.test.context.SpringBootTestContextBootstrapper -- Found @SpringBootConfiguration com.agilab.file_loading.FileLoadingApplication for test class com.agilab.file_loading.FileLoadingApplicationTests
  .   ____          _            __ _ _
 /\\ / ___'_ __ _ _(_)_ __  __ _ \ \ \ \
( ( )\___ | '_ | '_| | '_ \/ _` | \ \ \ \
 \\/  ___)| |_)| | | | | || (_| |  ) ) ) )
  '  |____| .__|_| |_|_| |_\__, | / / / /
 =========|_|==============|___/=/_/_/_/
 
 :: Spring Boot ::   v3.5.6
 :: Spring Cloud Stream ::   v4.3.0
 :: Spring Cloud Function ::   v4.3.0
2025-10-21T07:16:11.136Z  INFO 3720 --- [file-loading] [    Test worker] c.a.f.FileLoadingApplicationTests        : Starting FileLoadingApplicationTests using Java 25 with PID 3720 (started by runner in /home/runner/work/file-loader/file-loader)
2025-10-21T07:16:11.138Z  INFO 3720 --- [file-loading] [    Test worker] c.a.f.FileLoadingApplicationTests        : No active profile set, falling back to 1 default profile: "default"
2025-10-21T07:16:11.813Z  INFO 3720 --- [file-loading] [    Test worker] faultConfiguringBeanFactoryPostProcessor : No bean named 'errorChannel' has been explicitly defined. Therefore, a default PublishSubscribeChannel will be created.
2025-10-21T07:16:11.822Z  INFO 3720 --- [file-loading] [    Test worker] faultConfiguringBeanFactoryPostProcessor : No bean named 'integrationHeaderChannelRegistry' has been explicitly defined. Therefore, a default DefaultHeaderChannelRegistry will be created.
2025-10-21T07:16:12.838Z  INFO 3720 --- [file-loading] [    Test worker] o.s.i.endpoint.EventDrivenConsumer       : Adding {logging-channel-adapter:_org.springframework.integration.errorLogger} as a subscriber to the 'errorChannel' channel
2025-10-21T07:16:12.839Z  INFO 3720 --- [file-loading] [    Test worker] o.s.i.channel.PublishSubscribeChannel    : Channel 'file-loading.errorChannel' has 1 subscriber(s).
2025-10-21T07:16:12.840Z  INFO 3720 --- [file-loading] [    Test worker] o.s.i.endpoint.EventDrivenConsumer       : started bean '_org.springframework.integration.errorLogger'
2025-10-21T07:16:13.068Z  INFO 3720 --- [file-loading] [    Test worker] c.a.f.FileLoadingApplicationTests        : Started FileLoadingApplicationTests in 2.126 seconds (process running for 3.605)
]]></system-out>
  <system-err><![CDATA[Mockito is currently self-attaching to enable the inline-mock-maker. This will no longer work in future releases of the JDK. Please add Mockito as an agent to your build as described in Mockito's documentation: https://javadoc.io/doc/org.mockito/mockito-core/latest/org.mockito/org/mockito/Mockito.html#0.3
WARNING: A Java agent has been loaded dynamically (/home/runner/.gradle/caches/modules-2/files-2.1/net.bytebuddy/byte-buddy-agent/1.17.7/fbf3d6d649ed37fc9e9c59480a05be0a26e3c2da/byte-buddy-agent-1.17.7.jar)
WARNING: If a serviceability tool is in use, please run with -XX:+EnableDynamicAgentLoading to hide this warning
WARNING: If a serviceability tool is not in use, please run with -Djdk.instrument.traceUsage for more information
WARNING: Dynamic loading of agents will be disallowed by default in a future release
]]></system-err>
</testsuite>
